[2023-06-16 16:20:59] [ ERROR] [GlobalExceptionHandler:19] could not execute statement [Cannot add or update a child row: a foreign key constraint fails (`clinica`.`turno`, CONSTRAINT `FKqhwvsf9bqsfmlhd0nurynvwsd` FOREIGN KEY (`paciente_id`) REFERENCES `paciente` (`id`))] [insert into turno (fechay_hora,odontologo_id,paciente_id,id) values (?,?,?,?)]; SQL [insert into turno (fechay_hora,odontologo_id,paciente_id,id) values (?,?,?,?)]; constraint [null]
[2023-06-16 16:22:00] [ ERROR] [GlobalExceptionHandler:19] could not execute statement [Cannot add or update a child row: a foreign key constraint fails (`clinica`.`turno`, CONSTRAINT `FKqhwvsf9bqsfmlhd0nurynvwsd` FOREIGN KEY (`paciente_id`) REFERENCES `paciente` (`id`))] [insert into turno (fechay_hora,odontologo_id,paciente_id,id) values (?,?,?,?)]; SQL [insert into turno (fechay_hora,odontologo_id,paciente_id,id) values (?,?,?,?)]; constraint [null]
[2023-06-16 16:24:30] [ ERROR] [GlobalExceptionHandler:19] Request method 'POST' is not supported
[2023-07-02 23:49:32] [ ERROR] [GlobalExceptionHandler:20] JDBC exception executing SQL [select o1_0.id,o1_0.apellido,o1_0.matricula,o1_0.nombre from odontologo o1_0] [Table 'clinica.odontologo' doesn't exist] [n/a]; SQL [n/a]
[2023-07-03 00:17:44] [ ERROR] [GlobalExceptionHandler:20] could not execute statement [Cannot add or update a child row: a foreign key constraint fails (`clinica`.`turno`, CONSTRAINT `FKe6nbfhwymisxja2fvdunyrtb` FOREIGN KEY (`odontologo_id`) REFERENCES `odontologo` (`id`))] [insert into turno (fechay_hora,odontologo_id,paciente_id) values (?,?,?)]; SQL [insert into turno (fechay_hora,odontologo_id,paciente_id) values (?,?,?)]; constraint [null]
[2023-07-03 11:50:52] [ ERROR] [GlobalExceptionHandler:20] not-null property references a null or transient value : com.proyect.Clinica2.persistence.entity.Turno.odontologo
[2023-07-03 11:51:05] [ ERROR] [GlobalExceptionHandler:20] not-null property references a null or transient value : com.proyect.Clinica2.persistence.entity.Turno.odontologo
[2023-07-03 11:52:19] [ ERROR] [GlobalExceptionHandler:20] not-null property references a null or transient value : com.proyect.Clinica2.persistence.entity.Turno.odontologo
[2023-07-03 11:52:35] [ ERROR] [GlobalExceptionHandler:20] not-null property references a null or transient value : com.proyect.Clinica2.persistence.entity.Turno.odontologo
[2023-07-03 11:52:51] [ ERROR] [GlobalExceptionHandler:20] not-null property references a null or transient value : com.proyect.Clinica2.persistence.entity.Turno.odontologo
[2023-07-03 12:13:00] [ ERROR] [GlobalExceptionHandler:20] JSON parse error: Cannot deserialize value of type `java.time.LocalDate` from String "11111-11-11": Failed to deserialize java.time.LocalDate: (java.time.format.DateTimeParseException) Text '11111-11-11' could not be parsed at index 0
[2023-07-03 12:15:24] [ ERROR] [GlobalExceptionHandler:20] not-null property references a null or transient value : com.proyect.Clinica2.persistence.entity.Turno.odontologo
[2023-07-03 12:15:57] [ ERROR] [GlobalExceptionHandler:20] not-null property references a null or transient value : com.proyect.Clinica2.persistence.entity.Turno.odontologo
[2023-07-03 12:20:55] [ ERROR] [GlobalExceptionHandler:20] not-null property references a null or transient value : com.proyect.Clinica2.persistence.entity.Turno.odontologo
[2023-07-03 14:44:30] [ ERROR] [GlobalExceptionHandler:20] not-null property references a null or transient value : com.proyect.Clinica2.persistence.entity.Turno.odontologo
[2023-07-03 17:31:23] [ ERROR] [GlobalExceptionHandler:20] not-null property references a null or transient value : com.proyect.Clinica2.persistence.entity.Turno.odontologo; nested exception is org.hibernate.PropertyValueException: not-null property references a null or transient value : com.proyect.Clinica2.persistence.entity.Turno.odontologo
[2023-07-03 17:31:33] [ ERROR] [GlobalExceptionHandler:20] not-null property references a null or transient value : com.proyect.Clinica2.persistence.entity.Turno.odontologo; nested exception is org.hibernate.PropertyValueException: not-null property references a null or transient value : com.proyect.Clinica2.persistence.entity.Turno.odontologo
[2023-07-03 17:31:54] [ ERROR] [GlobalExceptionHandler:20] not-null property references a null or transient value : com.proyect.Clinica2.persistence.entity.Turno.odontologo; nested exception is org.hibernate.PropertyValueException: not-null property references a null or transient value : com.proyect.Clinica2.persistence.entity.Turno.odontologo
[2023-07-03 18:16:09] [ ERROR] [GlobalExceptionHandler:20] not-null property references a null or transient value : com.proyect.Clinica2.persistence.entity.Turno.odontologo; nested exception is org.hibernate.PropertyValueException: not-null property references a null or transient value : com.proyect.Clinica2.persistence.entity.Turno.odontologo
[2023-07-03 18:22:57] [ ERROR] [GlobalExceptionHandler:20] not-null property references a null or transient value : com.proyect.Clinica2.persistence.entity.Turno.odontologo; nested exception is org.hibernate.PropertyValueException: not-null property references a null or transient value : com.proyect.Clinica2.persistence.entity.Turno.odontologo
[2023-07-03 18:35:38] [ ERROR] [GlobalExceptionHandler:20] not-null property references a null or transient value : com.proyect.Clinica2.persistence.entity.Turno.odontologo; nested exception is org.hibernate.PropertyValueException: not-null property references a null or transient value : com.proyect.Clinica2.persistence.entity.Turno.odontologo
